<?xml version="1.0" encoding="UTF-8"?>
<testsuite name="com.t1.snezhko.kafka.KafkaMessageProducerTest" tests="2" skipped="0" failures="0" errors="0" timestamp="2025-06-19T19:45:33.779Z" hostname="DESKTOP-MNGQN6P" time="0.134">
  <properties/>
  <testcase name="shouldSendSpringMessageSuccessfully()" classname="com.t1.snezhko.kafka.KafkaMessageProducerTest" time="0.13"/>
  <testcase name="shouldSendMessageToTopicSuccessfully()" classname="com.t1.snezhko.kafka.KafkaMessageProducerTest" time="0.004"/>
  <system-out><![CDATA[]]></system-out>
  <system-err><![CDATA[]]></system-err>
</testsuite>
