<?xml version="1.0" encoding="UTF-8"?>
<testsuite name="com.t1.snezhko.task1.core.make_transaction.arrest_account.ArrestAccountServiceImplTest" tests="4" skipped="0" failures="0" errors="0" timestamp="2025-06-11T16:37:18" hostname="DESKTOP-MNGQN6P" time="0.028">
  <properties/>
  <testcase name="shouldArrestAccount_whenRejectCountExceedsThresholdAndClientStatusIsKnown()" classname="com.t1.snezhko.task1.core.make_transaction.arrest_account.ArrestAccountServiceImplTest" time="0.016"/>
  <testcase name="shouldNotArrest_whenRejectCountIsNull()" classname="com.t1.snezhko.task1.core.make_transaction.arrest_account.ArrestAccountServiceImplTest" time="0.003"/>
  <testcase name="shouldNotArrest_whenRejectCountIsBelowThreshold()" classname="com.t1.snezhko.task1.core.make_transaction.arrest_account.ArrestAccountServiceImplTest" time="0.003"/>
  <testcase name="shouldNotArrest_whenClientStatusIsNull()" classname="com.t1.snezhko.task1.core.make_transaction.arrest_account.ArrestAccountServiceImplTest" time="0.003"/>
  <system-out><![CDATA[19:37:18.116 [Test worker] INFO com.t1.snezhko.task1.core.make_transaction.arrest_account.ArrestAccountServiceImpl -- Start transaction checking and arresting service for account 0ce70c99-ddd1-4c64-906c-439c04a188d6, transaction - e92898ef-5981-459c-8782-48fe41c30901 Amount - 100 Max rejected transaction count - 2
19:37:18.117 [Test worker] INFO com.t1.snezhko.task1.core.make_transaction.arrest_account.ArrestAccountServiceImpl -- Arrest account 0ce70c99-ddd1-4c64-906c-439c04a188d6
19:37:18.117 [Test worker] INFO com.t1.snezhko.task1.core.make_transaction.arrest_account.ArrestAccountServiceImpl -- Account 0ce70c99-ddd1-4c64-906c-439c04a188d6 was arrested successfully!
19:37:18.121 [Test worker] INFO com.t1.snezhko.task1.core.make_transaction.arrest_account.ArrestAccountServiceImpl -- Start transaction checking and arresting service for account 70ce09e5-8343-4235-b556-0c2e924fa30c, transaction - 7a88ed36-b94e-4686-b0ad-ca71f1c30f15 Amount - 100 Max rejected transaction count - 2
19:37:18.121 [Test worker] INFO com.t1.snezhko.task1.core.make_transaction.arrest_account.ArrestAccountServiceImpl -- Account 70ce09e5-8343-4235-b556-0c2e924fa30c wasn't arrested!
19:37:18.125 [Test worker] INFO com.t1.snezhko.task1.core.make_transaction.arrest_account.ArrestAccountServiceImpl -- Start transaction checking and arresting service for account 28dd7860-c0a6-4458-82d4-fbe5e52d1076, transaction - ee86292f-bd49-410d-9e53-9f363a268ff6 Amount - 100 Max rejected transaction count - 2
19:37:18.126 [Test worker] INFO com.t1.snezhko.task1.core.make_transaction.arrest_account.ArrestAccountServiceImpl -- Account 28dd7860-c0a6-4458-82d4-fbe5e52d1076 wasn't arrested!
19:37:18.129 [Test worker] INFO com.t1.snezhko.task1.core.make_transaction.arrest_account.ArrestAccountServiceImpl -- Start transaction checking and arresting service for account a5129b0a-222c-4617-b9c1-63e692730060, transaction - 4cc55e6a-8d41-461c-849b-ff35b47a34e9 Amount - 100 Max rejected transaction count - 2
19:37:18.130 [Test worker] INFO com.t1.snezhko.task1.core.make_transaction.arrest_account.ArrestAccountServiceImpl -- Account a5129b0a-222c-4617-b9c1-63e692730060 wasn't arrested!
]]></system-out>
  <system-err><![CDATA[]]></system-err>
</testsuite>
