<?xml version="1.0" encoding="UTF-8"?>
<testsuite name="com.t1.snezhko.task1.core.make_transaction.MakeTransactionServiceImplTest" tests="5" skipped="0" failures="0" errors="0" timestamp="2025-06-11T15:28:40" hostname="DESKTOP-MNGQN6P" time="1.123">
  <properties/>
  <testcase name="shouldNotCheckClient_whenTransactionArrested()" classname="com.t1.snezhko.task1.core.make_transaction.MakeTransactionServiceImplTest" time="1.055"/>
  <testcase name="shouldTreatClientAsActive_whenClientStatusIsNull()" classname="com.t1.snezhko.task1.core.make_transaction.MakeTransactionServiceImplTest" time="0.038"/>
  <testcase name="shouldThrowException_whenSerializationFails()" classname="com.t1.snezhko.task1.core.make_transaction.MakeTransactionServiceImplTest" time="0.01"/>
  <testcase name="shouldSendKafkaMessage_whenClientIsActiveAndNotBlacklisted()" classname="com.t1.snezhko.task1.core.make_transaction.MakeTransactionServiceImplTest" time="0.007"/>
  <testcase name="shouldNotSendKafka_whenClientIsBlacklisted()" classname="com.t1.snezhko.task1.core.make_transaction.MakeTransactionServiceImplTest" time="0.007"/>
  <system-out><![CDATA[18:28:42.007 [Test worker] INFO com.t1.snezhko.task1.core.make_transaction.MakeTransactionServiceImpl -- Make transaction service: received request to make transaction by f1fb8e5d-4ca7-49d8-8de3-4d4c91bc86d1 amount 100
18:28:42.050 [Test worker] INFO com.t1.snezhko.task1.core.make_transaction.MakeTransactionServiceImpl -- Make transaction service: received request to make transaction by d186cc61-957b-477f-b412-f381fb28cd80 amount 100
18:28:42.078 [Test worker] INFO com.t1.snezhko.task1.core.make_transaction.MakeTransactionServiceImpl -- Message serializedwas sent into topic t1_demo_transaction_accept
18:28:42.091 [Test worker] INFO com.t1.snezhko.task1.core.make_transaction.MakeTransactionServiceImpl -- Make transaction service: received request to make transaction by c94e5626-2d17-42f2-80fc-53e61f1a6e16 amount 100
18:28:42.098 [Test worker] INFO com.t1.snezhko.task1.core.make_transaction.MakeTransactionServiceImpl -- Make transaction service: received request to make transaction by ad0ef5f3-df0f-4738-9d3f-7a71014631bc amount 100
18:28:42.099 [Test worker] INFO com.t1.snezhko.task1.core.make_transaction.MakeTransactionServiceImpl -- Message serialized-requestwas sent into topic t1_demo_transaction_accept
18:28:42.105 [Test worker] INFO com.t1.snezhko.task1.core.make_transaction.MakeTransactionServiceImpl -- Make transaction service: received request to make transaction by f2f3ac9e-7493-4f44-85fe-15270194d75f amount 100
18:28:42.106 [Test worker] INFO com.t1.snezhko.task1.core.make_transaction.MakeTransactionServiceImpl -- Client b537a9b8-0dad-4530-ad18-87c8cdc6f221 was BLOCKED!
18:28:42.107 [Test worker] INFO com.t1.snezhko.task1.core.make_transaction.MakeTransactionServiceImpl -- Account f2f3ac9e-7493-4f44-85fe-15270194d75f was BLOCKED!
18:28:42.107 [Test worker] INFO com.t1.snezhko.task1.core.make_transaction.MakeTransactionServiceImpl -- Transaction 5379b276-7e7d-4210-a00a-e9d5f60e2071 was REJECTED
]]></system-out>
  <system-err><![CDATA[Mockito is currently self-attaching to enable the inline-mock-maker. This will no longer work in future releases of the JDK. Please add Mockito as an agent to your build what is described in Mockito's documentation: https://javadoc.io/doc/org.mockito/mockito-core/latest/org/mockito/Mockito.html#0.3
WARNING: A Java agent has been loaded dynamically (C:\Users\User\.gradle\caches\modules-2\files-2.1\net.bytebuddy\byte-buddy-agent\1.15.11\a38b16385e867f59a641330f0362ebe742788ed8\byte-buddy-agent-1.15.11.jar)
WARNING: If a serviceability tool is in use, please run with -XX:+EnableDynamicAgentLoading to hide this warning
WARNING: If a serviceability tool is not in use, please run with -Djdk.instrument.traceUsage for more information
WARNING: Dynamic loading of agents will be disallowed by default in a future release
]]></system-err>
</testsuite>
