<?xml version="1.0" encoding="UTF-8"?>
<testsuite name="com.t1.snezhko.task1.core.make_transaction.MakeTransactionServiceImplTest" tests="5" skipped="0" failures="0" errors="0" timestamp="2025-06-11T16:37:16" hostname="DESKTOP-MNGQN6P" time="1.421">
  <properties/>
  <testcase name="shouldNotCheckClient_whenTransactionArrested()" classname="com.t1.snezhko.task1.core.make_transaction.MakeTransactionServiceImplTest" time="1.341"/>
  <testcase name="shouldTreatClientAsActive_whenClientStatusIsNull()" classname="com.t1.snezhko.task1.core.make_transaction.MakeTransactionServiceImplTest" time="0.041"/>
  <testcase name="shouldThrowException_whenSerializationFails()" classname="com.t1.snezhko.task1.core.make_transaction.MakeTransactionServiceImplTest" time="0.014"/>
  <testcase name="shouldSendKafkaMessage_whenClientIsActiveAndNotBlacklisted()" classname="com.t1.snezhko.task1.core.make_transaction.MakeTransactionServiceImplTest" time="0.009"/>
  <testcase name="shouldNotSendKafka_whenClientIsBlacklisted()" classname="com.t1.snezhko.task1.core.make_transaction.MakeTransactionServiceImplTest" time="0.009"/>
  <system-out><![CDATA[19:37:17.927 [Test worker] INFO com.t1.snezhko.task1.core.make_transaction.MakeTransactionServiceImpl -- Make transaction service: received request to make transaction by f85bddb7-2fb4-492e-96b0-c3151e1ef3d5 amount 100
19:37:17.996 [Test worker] INFO com.t1.snezhko.task1.core.make_transaction.MakeTransactionServiceImpl -- Make transaction service: received request to make transaction by b29b8747-973c-4ff0-ab09-3a2f713653fd amount 100
19:37:18.024 [Test worker] INFO com.t1.snezhko.task1.core.make_transaction.MakeTransactionServiceImpl -- Message serializedwas sent into topic t1_demo_transaction_accept
19:37:18.039 [Test worker] INFO com.t1.snezhko.task1.core.make_transaction.MakeTransactionServiceImpl -- Make transaction service: received request to make transaction by 9a76028e-e961-44bc-8681-6c898ba7983e amount 100
19:37:18.048 [Test worker] INFO com.t1.snezhko.task1.core.make_transaction.MakeTransactionServiceImpl -- Make transaction service: received request to make transaction by 4a3452e4-1f2b-4b29-b385-ed26daafb401 amount 100
19:37:18.050 [Test worker] INFO com.t1.snezhko.task1.core.make_transaction.MakeTransactionServiceImpl -- Message serialized-requestwas sent into topic t1_demo_transaction_accept
19:37:18.058 [Test worker] INFO com.t1.snezhko.task1.core.make_transaction.MakeTransactionServiceImpl -- Make transaction service: received request to make transaction by df79f4ce-33f4-4344-b07b-bd5882ce6092 amount 100
19:37:18.059 [Test worker] INFO com.t1.snezhko.task1.core.make_transaction.MakeTransactionServiceImpl -- Client a0c90a9b-e59f-4509-b973-10364dcba5a9 was BLOCKED!
19:37:18.059 [Test worker] INFO com.t1.snezhko.task1.core.make_transaction.MakeTransactionServiceImpl -- Account df79f4ce-33f4-4344-b07b-bd5882ce6092 was BLOCKED!
19:37:18.059 [Test worker] INFO com.t1.snezhko.task1.core.make_transaction.MakeTransactionServiceImpl -- Transaction 93380629-8362-4f61-9906-52809fbc7990 was REJECTED
]]></system-out>
  <system-err><![CDATA[Mockito is currently self-attaching to enable the inline-mock-maker. This will no longer work in future releases of the JDK. Please add Mockito as an agent to your build what is described in Mockito's documentation: https://javadoc.io/doc/org.mockito/mockito-core/latest/org/mockito/Mockito.html#0.3
WARNING: A Java agent has been loaded dynamically (C:\Users\User\.gradle\caches\modules-2\files-2.1\net.bytebuddy\byte-buddy-agent\1.15.11\a38b16385e867f59a641330f0362ebe742788ed8\byte-buddy-agent-1.15.11.jar)
WARNING: If a serviceability tool is in use, please run with -XX:+EnableDynamicAgentLoading to hide this warning
WARNING: If a serviceability tool is not in use, please run with -Djdk.instrument.traceUsage for more information
WARNING: Dynamic loading of agents will be disallowed by default in a future release
]]></system-err>
</testsuite>
