<?xml version="1.0" encoding="UTF-8"?>
<testsuite name="com.t1.snezhko.task1.core.make_transaction.accept_transaction.AcceptTransactionStatusServiceImplTest" tests="5" skipped="0" failures="0" errors="0" timestamp="2025-06-11T15:28:42" hostname="DESKTOP-MNGQN6P" time="0.026">
  <properties/>
  <testcase name="shouldAcceptTransaction_whenStatusIsAccepted()" classname="com.t1.snezhko.task1.core.make_transaction.accept_transaction.AcceptTransactionStatusServiceImplTest" time="0.004"/>
  <testcase name="shouldRejectTransaction_whenStatusIsRejected()" classname="com.t1.snezhko.task1.core.make_transaction.accept_transaction.AcceptTransactionStatusServiceImplTest" time="0.004"/>
  <testcase name="shouldHandleZeroAmountGracefully()" classname="com.t1.snezhko.task1.core.make_transaction.accept_transaction.AcceptTransactionStatusServiceImplTest" time="0.004"/>
  <testcase name="shouldBlockTransaction_whenStatusIsBlocked()" classname="com.t1.snezhko.task1.core.make_transaction.accept_transaction.AcceptTransactionStatusServiceImplTest" time="0.005"/>
  <testcase name="shouldThrow_whenTransactionNotFound()" classname="com.t1.snezhko.task1.core.make_transaction.accept_transaction.AcceptTransactionStatusServiceImplTest" time="0.007"/>
  <system-out><![CDATA[]]></system-out>
  <system-err><![CDATA[]]></system-err>
</testsuite>
